<?xml version="1.0" encoding="UTF-8"?>
<!-- Generated by org.testng.reporters.JUnitReportReporter -->
<testsuite hostname="alex" name="ro.alx.Test3.Test3" tests="1" failures="0" timestamp="13 Nov 2014 13:41:39 GMT" time="17.297" errors="0">
  <testcase name="simpleOrder" time="17.297" classname="ro.alx.Test3.Test3"/>
</testsuite> <!-- ro.alx.Test3.Test3 -->
