<?xml version="1.0" encoding="UTF-8"?>
<!-- Generated by org.testng.reporters.JUnitReportReporter -->
<testsuite hostname="alex" name="com.selenium.PageObjectEcs" tests="1" failures="0" timestamp="12 Feb 2015 17:58:48 GMT" time="25.078" errors="0">
  <testcase name="testLogin" time="25.078" classname="com.selenium.PageObjectEcs"/>
</testsuite> <!-- com.selenium.PageObjectEcs -->
