<?xml version="1.0" encoding="UTF-8"?>
<!-- Generated by org.testng.reporters.JUnitReportReporter -->
<testsuite hostname="alex" name="pom.FlowTest" tests="1" failures="0" timestamp="18 Feb 2015 21:41:58 GMT" time="34.094" errors="0">
  <testcase name="listPrestatori" time="34.094" classname="pom.FlowTest"/>
</testsuite> <!-- pom.FlowTest -->
